<?xml version="1.0" encoding="UTF-8"?>
<!-- Generated by org.testng.reporters.JUnitReportReporter -->
<testsuite hostname="DESKTOP-E94BIJR" failures="0" tests="1" name="com.selenium.qa.selenium_pos.RateCalculatorTest" time="1.711" errors="0" timestamp="2025-05-22T09:25:43 SGT" skipped="0">
  <testcase classname="com.selenium.qa.selenium_pos.RateCalculatorTest" name="verifyQuoteIsDisplayedForMalaysiaToIndia" time="1.711"/>
</testsuite> <!-- com.selenium.qa.selenium_pos.RateCalculatorTest -->
